# JRE version: Java(TM) SE Runtime Environment (21.0.8+12) (build 21.0.8+12-LTS-250)
# Java VM: Java HotSpot(TM) 64-Bit Server VM (21.0.8+12-LTS-250, mixed mode, emulated-client, sharing, tiered, compressed oops, compressed class ptrs, g1 gc, windows-amd64)
GC Precious Log:
 CardTable entry size: 512
 Card Set container configuration: InlinePtr #cards 4 size 8 Array Of Cards #cards 16 size 48 Howl #buckets 8 coarsen threshold 3686 Howl Bitmap #cards 512 size 80 coarsen threshold 460 Card regions per heap region 1 cards per card region 4096
 CPUs: 12 total, 12 available
 Memory: 15755M
 Large Page Support: Disabled
 NUMA Support: Disabled
 Compressed Oops: Enabled (Zero based)
 Heap Region Size: 2M
 Heap Min Capacity: 8M
 Heap Initial Capacity: 248M
 Heap Max Capacity: 3940M
 Pre-touch: Disabled
 Parallel Workers: 10
 Concurrent Workers: 3
 Concurrent Refinement Workers: 10
 Periodic GC: Disabled
Heap:
 garbage-first heap   total 92160K, used 36621K [0x0000000709c00000, 0x0000000800000000)
  region size 2048K, 7 young (14336K), 3 survivors (6144K)
 Metaspace       used 68898K, committed 69760K, reserved 1114112K
  class space    used 9133K, committed 9536K, reserved 1048576K
GC Heap History (20 events):
Event: 5.070 GC heap before
{Heap before GC invocations=13 (full 0):
 garbage-first heap   total 75776K, used 64078K [0x0000000709c00000, 0x0000000800000000)
  region size 2048K, 21 young (43008K), 2 survivors (4096K)
 Metaspace       used 51066K, committed 51712K, reserved 1114112K
  class space    used 6766K, committed 7040K, reserved 1048576K
}
Event: 5.074 GC heap after
{Heap after GC invocations=14 (full 0):
 garbage-first heap   total 75776K, used 25878K [0x0000000709c00000, 0x0000000800000000)
  region size 2048K, 2 young (4096K), 2 survivors (4096K)
 Metaspace       used 51066K, committed 51712K, reserved 1114112K
  class space    used 6766K, committed 7040K, reserved 1048576K
}
Event: 5.157 GC heap before
{Heap before GC invocations=14 (full 0):
 garbage-first heap   total 75776K, used 34070K [0x0000000709c00000, 0x0000000800000000)
  region size 2048K, 8 young (16384K), 2 survivors (4096K)
 Metaspace       used 52758K, committed 53376K, reserved 1114112K
  class space    used 7112K, committed 7360K, reserved 1048576K
}
Event: 5.160 GC heap after
{Heap after GC invocations=15 (full 0):
 garbage-first heap   total 75776K, used 26008K [0x0000000709c00000, 0x0000000800000000)
  region size 2048K, 2 young (4096K), 2 survivors (4096K)
 Metaspace       used 52758K, committed 53376K, reserved 1114112K
  class space    used 7112K, committed 7360K, reserved 1048576K
}
Event: 5.479 GC heap before
{Heap before GC invocations=16 (full 0):
 garbage-first heap   total 75776K, used 62872K [0x0000000709c00000, 0x0000000800000000)
  region size 2048K, 20 young (40960K), 2 survivors (4096K)
 Metaspace       used 56400K, committed 57088K, reserved 1114112K
  class space    used 7594K, committed 7872K, reserved 1048576K
}
Event: 5.482 GC heap after
{Heap after GC invocations=17 (full 0):
 garbage-first heap   total 92160K, used 27211K [0x0000000709c00000, 0x0000000800000000)
  region size 2048K, 2 young (4096K), 2 survivors (4096K)
 Metaspace       used 56400K, committed 57088K, reserved 1114112K
  class space    used 7594K, committed 7872K, reserved 1048576K
}
Event: 6.076 GC heap before
{Heap before GC invocations=17 (full 0):
 garbage-first heap   total 92160K, used 78411K [0x0000000709c00000, 0x0000000800000000)
  region size 2048K, 27 young (55296K), 2 survivors (4096K)
 Metaspace       used 60066K, committed 60800K, reserved 1114112K
  class space    used 8090K, committed 8384K, reserved 1048576K
}
Event: 6.081 GC heap after
{Heap after GC invocations=18 (full 0):
 garbage-first heap   total 92160K, used 30199K [0x0000000709c00000, 0x0000000800000000)
  region size 2048K, 4 young (8192K), 4 survivors (8192K)
 Metaspace       used 60066K, committed 60800K, reserved 1114112K
  class space    used 8090K, committed 8384K, reserved 1048576K
}
Event: 37.580 GC heap before
{Heap before GC invocations=18 (full 0):
 garbage-first heap   total 92160K, used 73207K [0x0000000709c00000, 0x0000000800000000)
  region size 2048K, 26 young (53248K), 4 survivors (8192K)
 Metaspace       used 64456K, committed 65216K, reserved 1114112K
  class space    used 8617K, committed 8960K, reserved 1048576K
}
Event: 37.585 GC heap after
{Heap after GC invocations=19 (full 0):
 garbage-first heap   total 92160K, used 31152K [0x0000000709c00000, 0x0000000800000000)
  region size 2048K, 3 young (6144K), 3 survivors (6144K)
 Metaspace       used 64456K, committed 65216K, reserved 1114112K
  class space    used 8617K, committed 8960K, reserved 1048576K
}
Event: 100.238 GC heap before
{Heap before GC invocations=19 (full 0):
 garbage-first heap   total 92160K, used 76208K [0x0000000709c00000, 0x0000000800000000)
  region size 2048K, 26 young (53248K), 3 survivors (6144K)
 Metaspace       used 68110K, committed 68864K, reserved 1114112K
  class space    used 9085K, committed 9472K, reserved 1048576K
}
Event: 100.243 GC heap after
{Heap after GC invocations=20 (full 0):
 garbage-first heap   total 92160K, used 34690K [0x0000000709c00000, 0x0000000800000000)
  region size 2048K, 3 young (6144K), 3 survivors (6144K)
 Metaspace       used 68110K, committed 68864K, reserved 1114112K
  class space    used 9085K, committed 9472K, reserved 1048576K
}
Event: 493.440 GC heap before
{Heap before GC invocations=20 (full 0):
 garbage-first heap   total 92160K, used 63362K [0x0000000709c00000, 0x0000000800000000)
  region size 2048K, 19 young (38912K), 3 survivors (6144K)
 Metaspace       used 68902K, committed 69696K, reserved 1114112K
  class space    used 9171K, committed 9536K, reserved 1048576K
}
Event: 493.480 GC heap after
{Heap after GC invocations=21 (full 1):
 garbage-first heap   total 92160K, used 24072K [0x0000000709c00000, 0x0000000800000000)
  region size 2048K, 0 young (0K), 0 survivors (0K)
 Metaspace       used 68537K, committed 69696K, reserved 1114112K
  class space    used 9078K, committed 9536K, reserved 1048576K
}
Event: 496.177 GC heap before
{Heap before GC invocations=21 (full 1):
 garbage-first heap   total 92160K, used 75272K [0x0000000709c00000, 0x0000000800000000)
  region size 2048K, 26 young (53248K), 0 survivors (0K)
 Metaspace       used 68734K, committed 69696K, reserved 1114112K
  class space    used 9122K, committed 9536K, reserved 1048576K
}
Event: 496.181 GC heap after
{Heap after GC invocations=22 (full 1):
 garbage-first heap   total 92160K, used 30216K [0x0000000709c00000, 0x0000000800000000)
  region size 2048K, 3 young (6144K), 3 survivors (6144K)
 Metaspace       used 68734K, committed 69696K, reserved 1114112K
  class space    used 9122K, committed 9536K, reserved 1048576K
}
Event: 539.897 GC heap before
{Heap before GC invocations=23 (full 1):
 garbage-first heap   total 92160K, used 54792K [0x0000000709c00000, 0x0000000800000000)
  region size 2048K, 16 young (32768K), 3 survivors (6144K)
 Metaspace       used 68856K, committed 69760K, reserved 1114112K
  class space    used 9130K, committed 9536K, reserved 1048576K
}
Event: 539.937 GC heap after
{Heap after GC invocations=24 (full 2):
 garbage-first heap   total 92160K, used 25768K [0x0000000709c00000, 0x0000000800000000)
  region size 2048K, 0 young (0K), 0 survivors (0K)
 Metaspace       used 68799K, committed 69760K, reserved 1114112K
  class space    used 9117K, committed 9536K, reserved 1048576K
}
Event: 540.728 GC heap before
{Heap before GC invocations=24 (full 2):
 garbage-first heap   total 92160K, used 72872K [0x0000000709c00000, 0x0000000800000000)
  region size 2048K, 24 young (49152K), 0 survivors (0K)
 Metaspace       used 68881K, committed 69760K, reserved 1114112K
  class space    used 9131K, committed 9536K, reserved 1048576K
}
Event: 540.730 GC heap after
{Heap after GC invocations=25 (full 2):
 garbage-first heap   total 92160K, used 30477K [0x0000000709c00000, 0x0000000800000000)
  region size 2048K, 3 young (6144K), 3 survivors (6144K)
 Metaspace       used 68881K, committed 69760K, reserved 1114112K
  class space    used 9131K, committed 9536K, reserved 1048576K
}

